[D 240412 19:40:22 depth_uformer:1286] pool0 shape: torch.Size([1, 65536, 32])
[I 240412 21:21:49 depth_uformer:1418] layer 0
[I 240412 21:21:49 depth_uformer:1419] torch.Size([1, 32, 256, 256])
[I 240412 21:21:49 depth_uformer:1444] layer 1
[I 240412 21:21:49 depth_uformer:1445] torch.Size([1, 64, 128, 128])
[I 240412 21:22:39 depth_uformer:1418] layer 0
[I 240412 21:22:39 depth_uformer:1419] torch.Size([1, 32, 256, 256])
[I 240412 21:22:39 depth_uformer:1444] layer 1
[I 240412 21:22:39 depth_uformer:1445] torch.Size([1, 64, 128, 128])
[I 240412 21:23:21 depth_uformer:1418] layer 0
[I 240412 21:23:21 depth_uformer:1419] torch.Size([1, 32, 256, 256])
[I 240412 21:23:21 depth_uformer:1444] layer 1
[I 240412 21:23:21 depth_uformer:1445] torch.Size([1, 64, 128, 128])
[I 240412 21:23:41 depth_uformer:1418] layer 0
[I 240412 21:23:41 depth_uformer:1419] torch.Size([1, 32, 256, 256])
[I 240412 21:23:41 depth_uformer:1444] layer 1
[I 240412 21:23:41 depth_uformer:1445] torch.Size([1, 64, 128, 128])
[I 240412 21:24:05 depth_uformer:1418] layer 0
[I 240412 21:24:05 depth_uformer:1419] torch.Size([1, 32, 256, 256])
[I 240412 21:24:06 depth_uformer:1444] layer 1
[I 240412 21:24:06 depth_uformer:1445] torch.Size([1, 64, 128, 128])
[I 240412 21:24:17 depth_uformer:1418] layer 0
[I 240412 21:24:17 depth_uformer:1419] torch.Size([1, 32, 256, 256])
[I 240412 21:24:17 depth_uformer:1444] layer 1
[I 240412 21:24:17 depth_uformer:1445] torch.Size([1, 64, 128, 128])
[I 240412 21:24:59 depth_uformer:1418] layer 0
[I 240412 21:24:59 depth_uformer:1419] torch.Size([1, 32, 256, 256])
[I 240412 21:25:00 depth_uformer:1444] layer 1
[I 240412 21:25:00 depth_uformer:1445] torch.Size([1, 64, 128, 128])
[I 240412 21:25:12 depth_uformer:1418] layer 0
[I 240412 21:25:12 depth_uformer:1419] torch.Size([1, 32, 256, 256])
[I 240412 21:25:12 depth_uformer:1444] layer 1
[I 240412 21:25:12 depth_uformer:1445] torch.Size([1, 64, 128, 128])
[I 240412 21:25:29 depth_uformer:1418] layer 0
[I 240412 21:25:29 depth_uformer:1419] torch.Size([1, 32, 256, 256])
[I 240412 21:25:30 depth_uformer:1444] layer 1
[I 240412 21:25:30 depth_uformer:1445] torch.Size([1, 64, 128, 128])
[I 240412 21:26:16 depth_uformer:1418] layer 0
[I 240412 21:26:16 depth_uformer:1419] torch.Size([1, 32, 256, 256])
[I 240412 21:26:16 depth_uformer:1444] layer 1
[I 240412 21:26:16 depth_uformer:1445] torch.Size([1, 64, 128, 128])
[I 240412 21:28:18 depth_uformer:1418] layer 0
[I 240412 21:28:18 depth_uformer:1419] torch.Size([1, 32, 256, 256])
[I 240412 21:28:18 depth_uformer:1444] layer 1
[I 240412 21:28:18 depth_uformer:1445] torch.Size([1, 64, 128, 128])
[I 240412 21:28:30 depth_uformer:1418] layer 0
[I 240412 21:28:30 depth_uformer:1419] torch.Size([1, 32, 256, 256])
[I 240412 21:28:30 depth_uformer:1444] layer 1
[I 240412 21:28:30 depth_uformer:1445] torch.Size([1, 64, 128, 128])
[I 240412 21:28:46 depth_uformer:1418] layer 0
[I 240412 21:28:46 depth_uformer:1419] torch.Size([1, 32, 256, 256])
[I 240412 21:28:47 depth_uformer:1444] layer 1
[I 240412 21:28:47 depth_uformer:1445] torch.Size([1, 64, 128, 128])
[I 240412 21:29:05 depth_uformer:1418] layer 0
[I 240412 21:29:05 depth_uformer:1419] torch.Size([1, 32, 256, 256])
[I 240412 21:29:05 depth_uformer:1444] layer 1
[I 240412 21:29:05 depth_uformer:1445] torch.Size([1, 64, 128, 128])
[I 240412 21:29:19 depth_uformer:1418] layer 0
[I 240412 21:29:19 depth_uformer:1419] torch.Size([1, 32, 256, 256])
[I 240412 21:29:19 depth_uformer:1444] layer 1
[I 240412 21:29:19 depth_uformer:1445] torch.Size([1, 64, 128, 128])
[I 240412 21:37:59 depth_uformer:1418] layer 0
[I 240412 21:37:59 depth_uformer:1419] torch.Size([1, 32, 256, 256])
[I 240412 21:37:59 depth_uformer:1449] layer 1
[I 240412 21:37:59 depth_uformer:1450] torch.Size([1, 64, 128, 128])
[I 240412 21:48:23 depth_uformer:1418] layer 0
[I 240412 21:48:23 depth_uformer:1419] torch.Size([1, 32, 256, 256])
[I 240412 21:48:23 depth_uformer:1449] layer 1
[I 240412 21:48:23 depth_uformer:1450] torch.Size([1, 64, 128, 128])
[I 240412 21:49:56 depth_uformer:1418] layer 0
[I 240412 21:49:56 depth_uformer:1419] torch.Size([1, 32, 256, 256])
[I 240412 21:49:56 depth_uformer:1449] layer 1
[I 240412 21:49:56 depth_uformer:1450] torch.Size([1, 64, 128, 128])
[I 240412 21:50:08 depth_uformer:1418] layer 0
[I 240412 21:50:08 depth_uformer:1419] torch.Size([1, 32, 256, 256])
[I 240412 21:50:08 depth_uformer:1449] layer 1
[I 240412 21:50:08 depth_uformer:1450] torch.Size([1, 64, 128, 128])
[I 240412 21:52:08 depth_uformer:1418] layer 0
[I 240412 21:52:08 depth_uformer:1419] torch.Size([1, 32, 256, 256])
[I 240412 21:52:08 depth_uformer:1449] layer 1
[I 240412 21:52:08 depth_uformer:1450] torch.Size([1, 64, 128, 128])
[I 240412 21:52:25 depth_uformer:1418] layer 0
[I 240412 21:52:25 depth_uformer:1419] torch.Size([1, 32, 256, 256])
[I 240412 21:52:25 depth_uformer:1449] layer 1
[I 240412 21:52:25 depth_uformer:1450] torch.Size([1, 64, 128, 128])
[I 240412 21:53:45 depth_uformer:1418] layer 0
[I 240412 21:53:45 depth_uformer:1419] torch.Size([1, 32, 256, 256])
[I 240412 21:53:45 depth_uformer:1449] layer 1
[I 240412 21:53:45 depth_uformer:1450] torch.Size([1, 64, 128, 128])
[I 240412 22:28:08 depth_uformer:1418] layer 0
[I 240412 22:28:08 depth_uformer:1419] torch.Size([1, 32, 256, 256])
[I 240412 22:28:09 depth_uformer:1449] layer 1
[I 240412 22:28:09 depth_uformer:1450] torch.Size([1, 64, 128, 128])
[I 240412 22:28:26 depth_uformer:1418] layer 0
[I 240412 22:28:26 depth_uformer:1419] torch.Size([1, 32, 256, 256])
[I 240412 22:28:26 depth_uformer:1449] layer 1
[I 240412 22:28:26 depth_uformer:1450] torch.Size([1, 64, 128, 128])
[I 240412 22:31:21 depth_uformer:1413] layer 0
[I 240412 22:31:21 depth_uformer:1414] torch.Size([1, 32, 256, 256])
[I 240412 22:31:21 depth_uformer:1440] layer 1
[I 240412 22:31:21 depth_uformer:1441] torch.Size([1, 64, 128, 128])
[I 240412 22:31:48 depth_uformer:1413] layer 0
[I 240412 22:31:48 depth_uformer:1414] torch.Size([1, 32, 256, 256])
[I 240412 22:31:48 depth_uformer:1440] layer 1
[I 240412 22:31:48 depth_uformer:1441] torch.Size([1, 64, 128, 128])
[I 240412 22:33:21 depth_uformer:1413] layer 0
[I 240412 22:33:21 depth_uformer:1414] torch.Size([1, 32, 256, 256])
[I 240412 22:33:21 depth_uformer:1440] layer 1
[I 240412 22:33:21 depth_uformer:1441] torch.Size([1, 64, 128, 128])
[I 240412 22:34:17 depth_uformer:1413] layer 0
[I 240412 22:34:17 depth_uformer:1414] torch.Size([1, 32, 256, 256])
[I 240412 22:34:18 depth_uformer:1440] layer 1
[I 240412 22:34:18 depth_uformer:1441] torch.Size([1, 64, 128, 128])
[I 240412 22:34:30 depth_uformer:1413] layer 0
[I 240412 22:34:30 depth_uformer:1414] torch.Size([1, 32, 256, 256])
[I 240412 22:34:30 depth_uformer:1440] layer 1
[I 240412 22:34:30 depth_uformer:1441] torch.Size([1, 64, 128, 128])
[I 240412 22:35:33 depth_uformer:1413] layer 0
[I 240412 22:35:33 depth_uformer:1414] torch.Size([1, 32, 256, 256])
[I 240412 22:35:33 depth_uformer:1440] layer 1
[I 240412 22:35:33 depth_uformer:1441] torch.Size([1, 64, 128, 128])
[I 240412 22:35:45 depth_uformer:1413] layer 0
[I 240412 22:35:45 depth_uformer:1414] torch.Size([1, 32, 256, 256])
[I 240412 22:35:45 depth_uformer:1440] layer 1
[I 240412 22:35:45 depth_uformer:1441] torch.Size([1, 64, 128, 128])
[I 240412 22:37:07 depth_uformer:1413] layer 0
[I 240412 22:37:07 depth_uformer:1414] torch.Size([1, 32, 256, 256])
[I 240412 22:37:08 depth_uformer:1440] layer 1
[I 240412 22:37:08 depth_uformer:1441] torch.Size([1, 64, 128, 128])
[I 240412 22:37:24 depth_uformer:1413] layer 0
[I 240412 22:37:24 depth_uformer:1414] torch.Size([1, 32, 256, 256])
[I 240412 22:37:24 depth_uformer:1440] layer 1
[I 240412 22:37:24 depth_uformer:1441] torch.Size([1, 64, 128, 128])
[I 240412 22:38:59 depth_uformer:1413] layer 0
[I 240412 22:38:59 depth_uformer:1414] torch.Size([1, 32, 256, 256])
[I 240412 22:39:00 depth_uformer:1440] layer 1
[I 240412 22:39:00 depth_uformer:1441] torch.Size([1, 64, 128, 128])
[I 240412 22:44:25 depth_uformer:1413] layer 0
[I 240412 22:44:25 depth_uformer:1414] torch.Size([1, 32, 256, 256])
[I 240412 22:44:25 depth_uformer:1440] layer 1
[I 240412 22:44:25 depth_uformer:1441] torch.Size([1, 64, 128, 128])
[I 240412 22:45:43 depth_uformer:1413] layer 0
[I 240412 22:45:43 depth_uformer:1414] torch.Size([1, 32, 256, 256])
[I 240412 22:45:44 depth_uformer:1440] layer 1
[I 240412 22:45:44 depth_uformer:1441] torch.Size([1, 64, 128, 128])
[I 240412 22:46:28 depth_uformer:1413] layer 0
[I 240412 22:46:28 depth_uformer:1414] torch.Size([1, 32, 256, 256])
[I 240412 22:46:28 depth_uformer:1440] layer 1
[I 240412 22:46:28 depth_uformer:1441] torch.Size([1, 64, 128, 128])
[I 240412 22:47:23 depth_uformer:1413] layer 0
[I 240412 22:47:23 depth_uformer:1414] torch.Size([1, 32, 256, 256])
[I 240412 22:47:24 depth_uformer:1440] layer 1
[I 240412 22:47:24 depth_uformer:1441] torch.Size([1, 64, 128, 128])
[I 240412 22:50:39 depth_uformer:1413] layer 0
[I 240412 22:50:39 depth_uformer:1414] torch.Size([1, 32, 256, 256])
[I 240412 22:50:39 depth_uformer:1440] layer 1
[I 240412 22:50:39 depth_uformer:1441] torch.Size([1, 64, 128, 128])
[I 240412 22:52:56 depth_uformer:1413] layer 0
[I 240412 22:52:56 depth_uformer:1414] torch.Size([1, 32, 256, 256])
[I 240412 22:52:56 depth_uformer:1440] layer 1
[I 240412 22:52:56 depth_uformer:1441] torch.Size([1, 64, 128, 128])
[I 240412 22:53:07 depth_uformer:1413] layer 0
[I 240412 22:53:07 depth_uformer:1414] torch.Size([1, 32, 256, 256])
[I 240412 22:53:08 depth_uformer:1440] layer 1
[I 240412 22:53:08 depth_uformer:1441] torch.Size([1, 64, 128, 128])
[I 240412 22:53:21 depth_uformer:1413] layer 0
[I 240412 22:53:21 depth_uformer:1414] torch.Size([1, 32, 256, 256])
[I 240412 22:53:21 depth_uformer:1440] layer 1
[I 240412 22:53:21 depth_uformer:1441] torch.Size([1, 64, 128, 128])
[I 240412 23:01:31 depth_uformer:1413] layer 0
[I 240412 23:01:31 depth_uformer:1414] torch.Size([1, 32, 256, 256])
[I 240412 23:01:32 depth_uformer:1440] layer 1
[I 240412 23:01:32 depth_uformer:1441] torch.Size([1, 64, 128, 128])
[I 240413 07:20:02 depth_uformer:1413] layer 0
[I 240413 07:20:02 depth_uformer:1414] torch.Size([1, 32, 256, 256])
[I 240413 07:20:02 depth_uformer:1440] layer 1
[I 240413 07:20:02 depth_uformer:1441] torch.Size([1, 64, 128, 128])
[I 240413 07:22:19 depth_uformer:1413] layer 0
[I 240413 07:22:19 depth_uformer:1414] torch.Size([1, 32, 256, 256])
[I 240413 07:22:19 depth_uformer:1440] layer 1
[I 240413 07:22:19 depth_uformer:1441] torch.Size([1, 64, 128, 128])
[I 240413 07:22:39 depth_uformer:1413] layer 0
[I 240413 07:22:39 depth_uformer:1414] torch.Size([1, 32, 256, 256])
[I 240413 07:22:39 depth_uformer:1440] layer 1
[I 240413 07:22:39 depth_uformer:1441] torch.Size([1, 64, 128, 128])
[I 240413 07:23:05 depth_uformer:1413] layer 0
[I 240413 07:23:05 depth_uformer:1414] torch.Size([1, 32, 256, 256])
[I 240413 07:23:05 depth_uformer:1440] layer 1
[I 240413 07:23:05 depth_uformer:1441] torch.Size([1, 64, 128, 128])
[I 240413 07:23:57 depth_uformer:1413] layer 0
[I 240413 07:23:57 depth_uformer:1414] torch.Size([1, 32, 256, 256])
[I 240413 07:23:57 depth_uformer:1440] layer 1
[I 240413 07:23:57 depth_uformer:1441] torch.Size([1, 64, 128, 128])
[I 240413 07:25:19 depth_uformer:1413] layer 0
[I 240413 07:25:19 depth_uformer:1414] torch.Size([1, 32, 256, 256])
[I 240413 07:25:19 depth_uformer:1440] layer 1
[I 240413 07:25:19 depth_uformer:1441] torch.Size([1, 64, 128, 128])
[I 240413 07:27:46 depth_uformer:1413] layer 0
[I 240413 07:27:46 depth_uformer:1414] torch.Size([1, 32, 256, 256])
[I 240413 07:27:46 depth_uformer:1440] layer 1
[I 240413 07:27:46 depth_uformer:1441] torch.Size([1, 64, 128, 128])
[I 240413 07:28:16 depth_uformer:1413] layer 0
[I 240413 07:28:16 depth_uformer:1414] torch.Size([1, 32, 256, 256])
[I 240413 07:28:17 depth_uformer:1440] layer 1
[I 240413 07:28:17 depth_uformer:1441] torch.Size([1, 64, 128, 128])
[I 240413 07:28:51 depth_uformer:1413] layer 0
[I 240413 07:28:51 depth_uformer:1414] torch.Size([1, 32, 256, 256])
[I 240413 07:28:52 depth_uformer:1440] layer 1
[I 240413 07:28:52 depth_uformer:1441] torch.Size([1, 64, 128, 128])
[I 240413 07:29:06 depth_uformer:1413] layer 0
[I 240413 07:29:06 depth_uformer:1414] torch.Size([1, 32, 256, 256])
[I 240413 07:29:07 depth_uformer:1440] layer 1
[I 240413 07:29:07 depth_uformer:1441] torch.Size([1, 64, 128, 128])
[I 240413 07:30:09 depth_uformer:1413] layer 0
[I 240413 07:30:09 depth_uformer:1414] torch.Size([1, 32, 256, 256])
[I 240413 07:30:10 depth_uformer:1440] layer 1
[I 240413 07:30:10 depth_uformer:1441] torch.Size([1, 64, 128, 128])
[I 240413 07:30:37 depth_uformer:1413] layer 0
[I 240413 07:30:37 depth_uformer:1414] torch.Size([1, 32, 256, 256])
[I 240413 07:30:38 depth_uformer:1440] layer 1
[I 240413 07:30:38 depth_uformer:1441] torch.Size([1, 64, 128, 128])
[I 240413 07:30:38 depth_uformer:1530] torch.Size([1, 1024, 512])
[I 240413 07:31:25 depth_uformer:1413] layer 0
[I 240413 07:31:25 depth_uformer:1414] torch.Size([1, 32, 256, 256])
[I 240413 07:31:25 depth_uformer:1440] layer 1
[I 240413 07:31:25 depth_uformer:1441] torch.Size([1, 64, 128, 128])
[I 240413 07:31:25 depth_uformer:1531] torch.Size([1, 1024, 256])
[I 240413 07:31:25 depth_uformer:1533] torch.Size([1, 4096, 128])
[I 240413 07:31:36 depth_uformer:1413] layer 0
[I 240413 07:31:36 depth_uformer:1414] torch.Size([1, 32, 256, 256])
[I 240413 07:31:37 depth_uformer:1440] layer 1
[I 240413 07:31:37 depth_uformer:1441] torch.Size([1, 64, 128, 128])
[I 240413 07:31:37 depth_uformer:1531] torch.Size([1, 1024, 256])
[I 240413 07:31:51 depth_uformer:1413] layer 0
[I 240413 07:31:51 depth_uformer:1414] torch.Size([1, 32, 256, 256])
[I 240413 07:31:51 depth_uformer:1440] layer 1
[I 240413 07:31:51 depth_uformer:1441] torch.Size([1, 64, 128, 128])
[I 240413 07:31:51 depth_uformer:1531] torch.Size([1, 1024, 512])
[I 240413 07:32:42 depth_uformer:1413] layer 0
[I 240413 07:32:42 depth_uformer:1414] torch.Size([1, 32, 256, 256])
[I 240413 07:32:43 depth_uformer:1440] layer 1
[I 240413 07:32:43 depth_uformer:1441] torch.Size([1, 64, 128, 128])
[I 240413 07:32:43 depth_uformer:1531] torch.Size([1, 1024, 512])
[I 240413 07:33:06 depth_uformer:1413] layer 0
[I 240413 07:33:06 depth_uformer:1414] torch.Size([1, 32, 256, 256])
[I 240413 07:33:07 depth_uformer:1440] layer 1
[I 240413 07:33:07 depth_uformer:1441] torch.Size([1, 64, 128, 128])
[I 240413 07:33:07 depth_uformer:1531] torch.Size([1, 1024, 512])
[I 240413 07:33:48 depth_uformer:1413] layer 0
[I 240413 07:33:48 depth_uformer:1414] torch.Size([1, 32, 256, 256])
[I 240413 07:33:48 depth_uformer:1440] layer 1
[I 240413 07:33:48 depth_uformer:1441] torch.Size([1, 64, 128, 128])
[I 240413 07:33:48 depth_uformer:1531] torch.Size([1, 1024, 512])
[I 240413 07:34:21 depth_uformer:1413] layer 0
[I 240413 07:34:21 depth_uformer:1414] torch.Size([1, 32, 256, 256])
[I 240413 07:34:21 depth_uformer:1440] layer 1
[I 240413 07:34:21 depth_uformer:1441] torch.Size([1, 64, 128, 128])
[I 240413 07:34:21 depth_uformer:1531] torch.Size([1, 1024, 512])
[I 240413 07:39:01 depth_uformer:1413] layer 0
[I 240413 07:39:01 depth_uformer:1414] torch.Size([1, 32, 256, 256])
[I 240413 07:39:02 depth_uformer:1440] layer 1
[I 240413 07:39:02 depth_uformer:1441] torch.Size([1, 64, 128, 128])
[I 240413 07:39:02 depth_uformer:1531] torch.Size([1, 1024, 512])
[I 240413 07:39:44 depth_uformer:1413] layer 0
[I 240413 07:39:44 depth_uformer:1414] torch.Size([1, 32, 256, 256])
[I 240413 07:39:45 depth_uformer:1440] layer 1
[I 240413 07:39:45 depth_uformer:1441] torch.Size([1, 64, 128, 128])
[I 240413 07:39:45 depth_uformer:1531] torch.Size([1, 1024, 512])
[I 240413 07:40:22 depth_uformer:1413] layer 0
[I 240413 07:40:22 depth_uformer:1414] torch.Size([1, 32, 256, 256])
[I 240413 07:40:23 depth_uformer:1440] layer 1
[I 240413 07:40:23 depth_uformer:1441] torch.Size([1, 64, 128, 128])
[I 240413 07:40:23 depth_uformer:1531] torch.Size([1, 1024, 512])
[I 240413 07:41:20 depth_uformer:1413] layer 0
[I 240413 07:41:20 depth_uformer:1414] torch.Size([1, 32, 256, 256])
[I 240413 07:41:20 depth_uformer:1440] layer 1
[I 240413 07:41:20 depth_uformer:1441] torch.Size([1, 64, 128, 128])
[I 240413 07:41:20 depth_uformer:1531] torch.Size([1, 1024, 512])
[I 240413 10:33:20 depth_uformer:1413] layer 0
[I 240413 10:33:20 depth_uformer:1414] torch.Size([1, 32, 256, 256])
[I 240413 10:33:20 depth_uformer:1440] layer 1
[I 240413 10:33:20 depth_uformer:1441] torch.Size([1, 64, 128, 128])
[I 240413 10:34:18 depth_uformer:1512] torch.Size([1, 1024, 512])
[I 240413 10:34:29 depth_uformer:1512] torch.Size([1, 1024, 512])
[I 240413 11:06:21 depth_uformer:1515] torch.Size([1, 1024, 256])
[I 240413 11:06:21 depth_uformer:1516] torch.Size([1, 1024, 256])
[I 240413 11:06:21 depth_uformer:1517] torch.Size([1, 1024, 512])
[I 240413 11:34:16 depth_uformer:1512] torch.Size([1, 1024, 256])
[I 240413 11:34:16 depth_uformer:1513] torch.Size([1, 4096, 128])
[I 240413 11:34:16 depth_uformer:1514] torch.Size([1, 4096, 256])
[I 240413 11:44:54 depth_uformer:1414] x_out_0: torch.Size([1, 32, 256, 256])
[I 240413 11:44:55 depth_uformer:1441] x_out_1: torch.Size([1, 64, 128, 128])
[I 240413 11:44:55 depth_uformer:1469] x_out_2: torch.Size([1, 128, 64, 64])
[I 240413 11:44:55 depth_uformer:1496] x_out_3: torch.Size([1, 256, 32, 32])
[I 240413 11:45:42 depth_uformer:1414] x_out_0: torch.Size([1, 32, 256, 256])
[I 240413 11:45:42 depth_uformer:1441] x_out_1: torch.Size([1, 64, 128, 128])
[I 240413 11:45:43 depth_uformer:1469] x_out_2: torch.Size([1, 128, 64, 64])
[I 240413 11:45:43 depth_uformer:1496] x_out_3: torch.Size([1, 256, 32, 32])
[I 240413 11:45:43 depth_uformer:1516] updated up0 shape: torch.Size([1, 4096, 128])
[I 240413 11:45:43 depth_uformer:1517] updated x_out_3 shape: torch.Size([1, 4096, 128])
[I 240413 11:46:39 depth_uformer:1414] x_out_0: torch.Size([1, 32, 256, 256])
[I 240413 11:46:39 depth_uformer:1441] x_out_1: torch.Size([1, 64, 128, 128])
[I 240413 11:46:40 depth_uformer:1469] x_out_2: torch.Size([1, 128, 64, 64])
[I 240413 11:46:40 depth_uformer:1496] x_out_3: torch.Size([1, 256, 32, 32])
[I 240413 11:46:40 depth_uformer:1511] up0 shape: torch.Size([1, 4096, 128])
[I 240413 11:46:40 depth_uformer:1517] up up0 shape: torch.Size([1, 4096, 128])
[I 240413 11:46:40 depth_uformer:1518] up x_out_3 shape: torch.Size([1, 4096, 128])
[I 240413 11:47:50 depth_uformer:1414] x_out_0: torch.Size([1, 32, 256, 256])
[I 240413 11:47:50 depth_uformer:1441] x_out_1: torch.Size([1, 64, 128, 128])
[I 240413 11:47:50 depth_uformer:1469] x_out_2: torch.Size([1, 128, 64, 64])
[I 240413 11:47:50 depth_uformer:1496] x_out_3: torch.Size([1, 256, 32, 32])
[I 240413 11:47:50 depth_uformer:1509] up0 shape: torch.Size([1, 4096, 128])
[I 240413 11:47:50 depth_uformer:1515] up up0 shape: torch.Size([1, 4096, 128])
[I 240413 11:47:50 depth_uformer:1516] up x_out_3 shape: torch.Size([1, 4096, 128])
[I 240413 11:49:43 depth_uformer:1414] x_out_0: torch.Size([1, 32, 256, 256])
[I 240413 11:49:43 depth_uformer:1441] x_out_1: torch.Size([1, 64, 128, 128])
[I 240413 11:49:43 depth_uformer:1469] x_out_2: torch.Size([1, 128, 64, 64])
[I 240413 11:49:43 depth_uformer:1496] x_out_3: torch.Size([1, 256, 32, 32])
[I 240413 11:49:43 depth_uformer:1509] up0 shape: torch.Size([1, 4096, 128])
[I 240413 11:49:43 depth_uformer:1515] up up0 shape: torch.Size([1, 4096, 128])
[I 240413 11:49:43 depth_uformer:1516] up x_out_3 shape: torch.Size([1, 4096, 128])
[I 240413 11:50:27 depth_uformer:1414] x_out_0: torch.Size([1, 32, 256, 256])
[I 240413 11:50:27 depth_uformer:1441] x_out_1: torch.Size([1, 64, 128, 128])
[I 240413 11:50:27 depth_uformer:1469] x_out_2: torch.Size([1, 128, 64, 64])
[I 240413 11:50:27 depth_uformer:1496] x_out_3: torch.Size([1, 256, 32, 32])
[I 240413 11:50:27 depth_uformer:1509] up0 shape: torch.Size([1, 4096, 128])
[I 240413 11:50:27 depth_uformer:1515] up up0 shape: torch.Size([1, 4096, 128])
[I 240413 11:50:27 depth_uformer:1516] up x_out_3 shape: torch.Size([1, 4096, 128])
[I 240413 11:50:53 depth_uformer:1414] x_out_0: torch.Size([1, 32, 256, 256])
[I 240413 11:50:54 depth_uformer:1441] x_out_1: torch.Size([1, 64, 128, 128])
[I 240413 11:50:54 depth_uformer:1469] x_out_2: torch.Size([1, 128, 64, 64])
[I 240413 11:50:54 depth_uformer:1496] x_out_3: torch.Size([1, 256, 32, 32])
[I 240413 11:50:54 depth_uformer:1509] up0 shape: torch.Size([1, 4096, 128])
[I 240413 11:50:54 depth_uformer:1515] up up0 shape: torch.Size([1, 4096, 128])
[I 240413 11:50:54 depth_uformer:1516] up x_out_3 shape: torch.Size([1, 4096, 128])
[I 240413 11:51:21 depth_uformer:1414] x_out_0: torch.Size([1, 32, 256, 256])
[I 240413 11:51:21 depth_uformer:1441] x_out_1: torch.Size([1, 64, 128, 128])
[I 240413 11:51:21 depth_uformer:1469] x_out_2: torch.Size([1, 128, 64, 64])
[I 240413 11:51:21 depth_uformer:1496] x_out_3: torch.Size([1, 256, 32, 32])
[I 240413 11:51:21 depth_uformer:1509] up0 shape: torch.Size([1, 4096, 128])
[I 240413 11:51:21 depth_uformer:1515] up up0 shape: torch.Size([1, 4096, 128])
[I 240413 11:51:21 depth_uformer:1516] up x_out_3 shape: torch.Size([1, 4096, 128])
[I 240413 11:54:31 depth_uformer:1414] x_out_0: torch.Size([1, 32, 256, 256])
[I 240413 11:54:31 depth_uformer:1441] x_out_1: torch.Size([1, 64, 128, 128])
[I 240413 11:54:31 depth_uformer:1469] x_out_2: torch.Size([1, 128, 64, 64])
[I 240413 11:54:31 depth_uformer:1496] x_out_3: torch.Size([1, 256, 32, 32])
[I 240413 11:54:31 depth_uformer:1509] up0 shape: torch.Size([1, 4096, 128])
[I 240413 11:54:31 depth_uformer:1515] up up0 shape: torch.Size([1, 4096, 128])
[I 240413 11:54:31 depth_uformer:1516] up x_out_3 shape: torch.Size([1, 4096, 128])
[I 240413 11:54:51 depth_uformer:1414] x_out_0: torch.Size([1, 32, 256, 256])
[I 240413 11:54:52 depth_uformer:1441] x_out_1: torch.Size([1, 64, 128, 128])
[I 240413 11:54:52 depth_uformer:1469] x_out_2: torch.Size([1, 128, 64, 64])
[I 240413 11:54:52 depth_uformer:1496] x_out_3: torch.Size([1, 256, 32, 32])
[I 240413 11:54:52 depth_uformer:1509] up0 shape: torch.Size([1, 4096, 128])
[I 240413 11:54:52 depth_uformer:1515] up up0 shape: torch.Size([1, 4096, 128])
[I 240413 11:54:52 depth_uformer:1516] up x_out_3 shape: torch.Size([1, 4096, 128])
[I 240413 11:55:00 depth_uformer:1414] x_out_0: torch.Size([1, 32, 256, 256])
[I 240413 11:55:00 depth_uformer:1441] x_out_1: torch.Size([1, 64, 128, 128])
[I 240413 11:55:00 depth_uformer:1469] x_out_2: torch.Size([1, 128, 64, 64])
[I 240413 11:55:00 depth_uformer:1496] x_out_3: torch.Size([1, 256, 32, 32])
[I 240413 11:55:00 depth_uformer:1509] up0 shape: torch.Size([1, 4096, 128])
[I 240413 11:55:00 depth_uformer:1515] up up0 shape: torch.Size([1, 4096, 128])
[I 240413 11:55:00 depth_uformer:1516] up x_out_3 shape: torch.Size([1, 4096, 128])
[I 240413 11:55:29 depth_uformer:1414] x_out_0: torch.Size([1, 32, 256, 256])
[I 240413 11:55:29 depth_uformer:1441] x_out_1: torch.Size([1, 64, 128, 128])
[I 240413 11:55:29 depth_uformer:1469] x_out_2: torch.Size([1, 128, 64, 64])
[I 240413 11:55:29 depth_uformer:1496] x_out_3: torch.Size([1, 256, 32, 32])
[I 240413 11:55:29 depth_uformer:1509] up0 shape: torch.Size([1, 4096, 128])
[I 240413 11:55:29 depth_uformer:1515] up up0 shape: torch.Size([1, 4096, 128])
[I 240413 11:55:29 depth_uformer:1516] up x_out_3 shape: torch.Size([1, 4096, 128])
[I 240413 11:55:30 depth_uformer:1534] deconv1 shape: torch.Size([1, 16384, 256])
[I 240413 12:51:37 depth_uformer:1414] x_out_0: torch.Size([1, 32, 256, 256])
[I 240413 12:51:37 depth_uformer:1441] x_out_1: torch.Size([1, 64, 128, 128])
[I 240413 12:51:38 depth_uformer:1469] x_out_2: torch.Size([1, 128, 64, 64])
[I 240413 12:51:38 depth_uformer:1496] x_out_3: torch.Size([1, 256, 32, 32])
[I 240413 12:51:38 depth_uformer:1509] up0 shape: torch.Size([1, 4096, 128])
[I 240413 12:51:38 depth_uformer:1515] up up0 shape: torch.Size([1, 4096, 128])
[I 240413 12:51:38 depth_uformer:1516] up x_out_3 shape: torch.Size([1, 4096, 128])
[I 240413 12:51:38 depth_uformer:1534] deconv1 shape: torch.Size([1, 16384, 256])
[I 240413 12:53:49 depth_uformer:1414] x_out_0: torch.Size([1, 32, 256, 256])
[I 240413 12:53:49 depth_uformer:1441] x_out_1: torch.Size([1, 64, 128, 128])
[I 240413 12:53:50 depth_uformer:1469] x_out_2: torch.Size([1, 128, 64, 64])
[I 240413 12:53:50 depth_uformer:1496] x_out_3: torch.Size([1, 256, 32, 32])
[I 240413 12:53:50 depth_uformer:1506] conv4 shape: torch.Size([1, 1024, 256])
[I 240413 12:53:50 depth_uformer:1510] up0 shape: torch.Size([1, 4096, 128])
[I 240413 12:53:50 depth_uformer:1516] up up0 shape: torch.Size([1, 4096, 128])
[I 240413 12:53:50 depth_uformer:1517] up x_out_3 shape: torch.Size([1, 4096, 128])
[I 240413 12:53:50 depth_uformer:1535] deconv1 shape: torch.Size([1, 16384, 256])
[I 240413 12:55:47 depth_uformer:1414] x_out_0: torch.Size([1, 32, 256, 256])
[I 240413 12:55:47 depth_uformer:1441] x_out_1: torch.Size([1, 64, 128, 128])
[I 240413 12:55:47 depth_uformer:1469] x_out_2: torch.Size([1, 128, 64, 64])
[I 240413 12:55:47 depth_uformer:1496] x_out_3: torch.Size([1, 256, 32, 32])
[I 240413 12:55:47 depth_uformer:1506] conv4 shape: torch.Size([1, 1024, 256])
[I 240413 12:55:47 depth_uformer:1510] up0 shape: torch.Size([1, 4096, 128])
[I 240413 12:55:47 depth_uformer:1516] up up0 shape: torch.Size([1, 4096, 128])
[I 240413 12:55:47 depth_uformer:1517] up x_out_3 shape: torch.Size([1, 4096, 128])
[I 240413 12:55:48 depth_uformer:1526] up1 shape: torch.Size([1, 16384, 128])
[I 240413 12:55:48 depth_uformer:1537] deconv1 shape: torch.Size([1, 16384, 256])
[I 240413 12:56:13 depth_uformer:1414] x_out_0: torch.Size([1, 32, 256, 256])
[I 240413 12:56:13 depth_uformer:1441] x_out_1: torch.Size([1, 64, 128, 128])
[I 240413 12:56:13 depth_uformer:1469] x_out_2: torch.Size([1, 128, 64, 64])
[I 240413 12:56:14 depth_uformer:1496] x_out_3: torch.Size([1, 256, 32, 32])
[I 240413 12:56:14 depth_uformer:1506] conv4 shape: torch.Size([1, 1024, 256])
[I 240413 12:56:14 depth_uformer:1510] up0 shape: torch.Size([1, 4096, 128])
[I 240413 12:56:14 depth_uformer:1516] up up0 shape: torch.Size([1, 4096, 128])
[I 240413 12:56:14 depth_uformer:1517] up x_out_3 shape: torch.Size([1, 4096, 128])
[I 240413 12:56:14 depth_uformer:1522] deconv0 shape: torch.Size([1, 4096, 256])
[I 240413 12:56:14 depth_uformer:1528] up1 shape: torch.Size([1, 16384, 128])
[I 240413 12:56:14 depth_uformer:1539] deconv1 shape: torch.Size([1, 16384, 256])
[I 240413 12:58:07 depth_uformer:1414] x_out_0: torch.Size([1, 32, 256, 256])
[I 240413 12:58:07 depth_uformer:1441] x_out_1: torch.Size([1, 64, 128, 128])
[I 240413 12:58:08 depth_uformer:1469] x_out_2: torch.Size([1, 128, 64, 64])
[I 240413 12:58:08 depth_uformer:1496] x_out_3: torch.Size([1, 256, 32, 32])
[I 240413 12:58:08 depth_uformer:1506] conv4 shape: torch.Size([1, 1024, 256])
[I 240413 12:58:08 depth_uformer:1510] up0 shape: torch.Size([1, 4096, 128])
[I 240413 12:58:08 depth_uformer:1516] up up0 shape: torch.Size([1, 4096, 128])
[I 240413 12:58:08 depth_uformer:1517] up x_out_3 shape: torch.Size([1, 4096, 128])
[I 240413 12:58:08 depth_uformer:1522] deconv0 shape: torch.Size([1, 4096, 256])
[I 240413 12:58:08 depth_uformer:1528] up1 shape: torch.Size([1, 16384, 256])
[I 240413 12:58:28 depth_uformer:1414] x_out_0: torch.Size([1, 32, 256, 256])
[I 240413 12:58:28 depth_uformer:1441] x_out_1: torch.Size([1, 64, 128, 128])
[I 240413 12:58:28 depth_uformer:1469] x_out_2: torch.Size([1, 128, 64, 64])
[I 240413 12:58:28 depth_uformer:1496] x_out_3: torch.Size([1, 256, 32, 32])
[I 240413 12:58:28 depth_uformer:1506] conv4 shape: torch.Size([1, 1024, 256])
[I 240413 12:58:28 depth_uformer:1510] up0 shape: torch.Size([1, 4096, 128])
[I 240413 12:58:28 depth_uformer:1516] up up0 shape: torch.Size([1, 4096, 128])
[I 240413 12:58:28 depth_uformer:1517] up x_out_3 shape: torch.Size([1, 4096, 128])
[I 240413 12:58:28 depth_uformer:1522] deconv0 shape: torch.Size([1, 4096, 256])
[I 240413 12:58:28 depth_uformer:1528] up1 shape: torch.Size([1, 16384, 64])
[I 240413 12:59:29 depth_uformer:1414] x_out_0: torch.Size([1, 32, 256, 256])
[I 240413 12:59:29 depth_uformer:1441] x_out_1: torch.Size([1, 64, 128, 128])
[I 240413 12:59:29 depth_uformer:1469] x_out_2: torch.Size([1, 128, 64, 64])
[I 240413 12:59:30 depth_uformer:1496] x_out_3: torch.Size([1, 256, 32, 32])
[I 240413 12:59:30 depth_uformer:1506] conv4 shape: torch.Size([1, 1024, 256])
[I 240413 12:59:30 depth_uformer:1510] up0 shape: torch.Size([1, 4096, 128])
[I 240413 12:59:30 depth_uformer:1516] up up0 shape: torch.Size([1, 4096, 128])
[I 240413 12:59:30 depth_uformer:1517] up x_out_3 shape: torch.Size([1, 4096, 128])
[I 240413 12:59:30 depth_uformer:1522] deconv0 shape: torch.Size([1, 4096, 256])
[I 240413 12:59:30 depth_uformer:1538] deconv1 shape: torch.Size([1, 16384, 192])
[I 240413 12:59:30 depth_uformer:1543] deconv1 shape: torch.Size([1, 16384, 192])
[I 240413 12:59:57 depth_uformer:1414] x_out_0: torch.Size([1, 32, 256, 256])
[I 240413 12:59:58 depth_uformer:1441] x_out_1: torch.Size([1, 64, 128, 128])
[I 240413 12:59:58 depth_uformer:1469] x_out_2: torch.Size([1, 128, 64, 64])
[I 240413 12:59:58 depth_uformer:1496] x_out_3: torch.Size([1, 256, 32, 32])
[I 240413 12:59:58 depth_uformer:1506] conv4 shape: torch.Size([1, 1024, 256])
[I 240413 12:59:58 depth_uformer:1510] up0 shape: torch.Size([1, 4096, 128])
[I 240413 12:59:58 depth_uformer:1516] up up0 shape: torch.Size([1, 4096, 128])
[I 240413 12:59:58 depth_uformer:1517] up x_out_3 shape: torch.Size([1, 4096, 128])
[I 240413 12:59:58 depth_uformer:1522] deconv0 shape: torch.Size([1, 4096, 256])
[I 240413 12:59:58 depth_uformer:1538] deconv1 shape: torch.Size([1, 16384, 128])
[I 240413 12:59:58 depth_uformer:1543] deconv1 shape: torch.Size([1, 16384, 128])
[I 240413 13:00:14 depth_uformer:1414] x_out_0: torch.Size([1, 32, 256, 256])
[I 240413 13:00:15 depth_uformer:1441] x_out_1: torch.Size([1, 64, 128, 128])
[I 240413 13:00:15 depth_uformer:1469] x_out_2: torch.Size([1, 128, 64, 64])
[I 240413 13:00:15 depth_uformer:1496] x_out_3: torch.Size([1, 256, 32, 32])
[I 240413 13:00:15 depth_uformer:1506] conv4 shape: torch.Size([1, 1024, 256])
[I 240413 13:00:15 depth_uformer:1510] up0 shape: torch.Size([1, 4096, 128])
[I 240413 13:00:15 depth_uformer:1516] up up0 shape: torch.Size([1, 4096, 128])
[I 240413 13:00:15 depth_uformer:1517] up x_out_3 shape: torch.Size([1, 4096, 128])
[I 240413 13:00:15 depth_uformer:1522] deconv0 shape: torch.Size([1, 4096, 256])
[I 240413 13:00:45 depth_uformer:1414] x_out_0: torch.Size([1, 32, 256, 256])
[I 240413 13:00:46 depth_uformer:1441] x_out_1: torch.Size([1, 64, 128, 128])
[I 240413 13:00:46 depth_uformer:1469] x_out_2: torch.Size([1, 128, 64, 64])
[I 240413 13:00:46 depth_uformer:1496] x_out_3: torch.Size([1, 256, 32, 32])
[I 240413 13:00:46 depth_uformer:1506] conv4 shape: torch.Size([1, 1024, 256])
[I 240413 13:00:46 depth_uformer:1510] up0 shape: torch.Size([1, 4096, 128])
[I 240413 13:00:46 depth_uformer:1516] up up0 shape: torch.Size([1, 4096, 128])
[I 240413 13:00:46 depth_uformer:1517] up x_out_3 shape: torch.Size([1, 4096, 128])
[I 240413 13:00:46 depth_uformer:1522] deconv0 shape: torch.Size([1, 4096, 256])
[I 240413 13:00:46 depth_uformer:1538] deconv1 shape: torch.Size([1, 16384, 128])
[I 240413 13:00:46 depth_uformer:1541] deconv1 shape: torch.Size([1, 16384, 128])
[I 240413 13:01:57 depth_uformer:1414] x_out_0: torch.Size([1, 32, 256, 256])
[I 240413 13:01:57 depth_uformer:1441] x_out_1: torch.Size([1, 64, 128, 128])
[I 240413 13:01:57 depth_uformer:1469] x_out_2: torch.Size([1, 128, 64, 64])
[I 240413 13:01:57 depth_uformer:1496] x_out_3: torch.Size([1, 256, 32, 32])
[I 240413 13:01:57 depth_uformer:1506] conv4 shape: torch.Size([1, 1024, 256])
[I 240413 13:01:57 depth_uformer:1510] up0 shape: torch.Size([1, 4096, 128])
[I 240413 13:02:48 depth_uformer:1414] x_out_0: torch.Size([1, 32, 256, 256])
[I 240413 13:02:48 depth_uformer:1441] x_out_1: torch.Size([1, 64, 128, 128])
[I 240413 13:02:49 depth_uformer:1469] x_out_2: torch.Size([1, 128, 64, 64])
[I 240413 13:02:49 depth_uformer:1496] x_out_3: torch.Size([1, 256, 32, 32])
[I 240413 13:02:49 depth_uformer:1506] conv4 shape: torch.Size([1, 1024, 256])
[I 240413 13:02:49 depth_uformer:1510] up0 shape: torch.Size([1, 4096, 128])
[I 240413 13:03:30 depth_uformer:1414] x_out_0: torch.Size([1, 32, 256, 256])
[I 240413 13:03:30 depth_uformer:1441] x_out_1: torch.Size([1, 64, 128, 128])
[I 240413 13:03:30 depth_uformer:1469] x_out_2: torch.Size([1, 128, 64, 64])
[I 240413 13:03:31 depth_uformer:1496] x_out_3: torch.Size([1, 256, 32, 32])
[I 240413 13:03:31 depth_uformer:1506] conv4 shape: torch.Size([1, 1024, 256])
[I 240413 13:03:31 depth_uformer:1510] up0 shape: torch.Size([1, 4096, 128])
[I 240413 13:03:31 depth_uformer:1537] conv3 shape: torch.Size([1, 1024, 1024])
[I 240413 13:03:31 depth_uformer:1538] up2 shape: torch.Size([1, 65536, 32])
[I 240413 13:04:18 depth_uformer:1414] x_out_0: torch.Size([1, 32, 256, 256])
[I 240413 13:04:18 depth_uformer:1441] x_out_1: torch.Size([1, 64, 128, 128])
[I 240413 13:04:19 depth_uformer:1469] x_out_2: torch.Size([1, 128, 64, 64])
[I 240413 13:04:19 depth_uformer:1496] x_out_3: torch.Size([1, 256, 32, 32])
[I 240413 13:04:19 depth_uformer:1506] conv4 shape: torch.Size([1, 1024, 256])
[I 240413 13:04:19 depth_uformer:1510] up0 shape: torch.Size([1, 4096, 128])
[I 240413 13:04:19 depth_uformer:1537] conv3 shape: torch.Size([1, 4096, 256])
[I 240413 13:04:19 depth_uformer:1538] up2 shape: torch.Size([1, 65536, 32])
[I 240413 13:05:08 depth_uformer:1414] x_out_0: torch.Size([1, 32, 256, 256])
[I 240413 13:05:09 depth_uformer:1441] x_out_1: torch.Size([1, 64, 128, 128])
[I 240413 13:05:09 depth_uformer:1469] x_out_2: torch.Size([1, 128, 64, 64])
[I 240413 13:05:09 depth_uformer:1496] x_out_3: torch.Size([1, 256, 32, 32])
[I 240413 13:05:09 depth_uformer:1506] conv4 shape: torch.Size([1, 1024, 256])
[I 240413 13:05:09 depth_uformer:1510] up0 shape: torch.Size([1, 4096, 128])
[I 240413 13:05:21 depth_uformer:1414] x_out_0: torch.Size([1, 32, 256, 256])
[I 240413 13:05:21 depth_uformer:1441] x_out_1: torch.Size([1, 64, 128, 128])
[I 240413 13:05:22 depth_uformer:1469] x_out_2: torch.Size([1, 128, 64, 64])
[I 240413 13:05:22 depth_uformer:1496] x_out_3: torch.Size([1, 256, 32, 32])
[I 240413 13:05:22 depth_uformer:1506] conv4 shape: torch.Size([1, 1024, 256])
[I 240413 13:05:22 depth_uformer:1510] up0 shape: torch.Size([1, 4096, 128])
[I 240413 13:05:22 depth_uformer:1540] conv3 shape: torch.Size([1, 16384, 128])
[I 240413 13:05:22 depth_uformer:1541] up2 shape: torch.Size([1, 65536, 32])
[I 240413 13:06:05 depth_uformer:1414] x_out_0: torch.Size([1, 32, 256, 256])
[I 240413 13:06:05 depth_uformer:1441] x_out_1: torch.Size([1, 64, 128, 128])
[I 240413 13:06:05 depth_uformer:1469] x_out_2: torch.Size([1, 128, 64, 64])
[I 240413 13:06:06 depth_uformer:1496] x_out_3: torch.Size([1, 256, 32, 32])
[I 240413 13:06:06 depth_uformer:1506] conv4 shape: torch.Size([1, 1024, 256])
[I 240413 13:06:06 depth_uformer:1510] up0 shape: torch.Size([1, 4096, 128])
[I 240413 13:06:06 depth_uformer:1540] conv3 shape: torch.Size([1, 16384, 64])
[I 240413 13:06:06 depth_uformer:1541] up2 shape: torch.Size([1, 65536, 32])
[I 240413 13:06:19 depth_uformer:1414] x_out_0: torch.Size([1, 32, 256, 256])
[I 240413 13:06:19 depth_uformer:1441] x_out_1: torch.Size([1, 64, 128, 128])
[I 240413 13:06:19 depth_uformer:1469] x_out_2: torch.Size([1, 128, 64, 64])
[I 240413 13:06:20 depth_uformer:1496] x_out_3: torch.Size([1, 256, 32, 32])
[I 240413 13:06:20 depth_uformer:1506] conv4 shape: torch.Size([1, 1024, 256])
[I 240413 13:06:20 depth_uformer:1510] up0 shape: torch.Size([1, 4096, 128])
[I 240413 13:06:20 depth_uformer:1540] conv3 shape: torch.Size([1, 16384, 32])
[I 240413 13:06:20 depth_uformer:1541] up2 shape: torch.Size([1, 65536, 32])
[I 240413 13:06:55 depth_uformer:1414] x_out_0: torch.Size([1, 32, 256, 256])
[I 240413 13:06:56 depth_uformer:1441] x_out_1: torch.Size([1, 64, 128, 128])
[I 240413 13:06:56 depth_uformer:1469] x_out_2: torch.Size([1, 128, 64, 64])
[I 240413 13:06:56 depth_uformer:1496] x_out_3: torch.Size([1, 256, 32, 32])
[I 240413 13:06:56 depth_uformer:1506] conv4 shape: torch.Size([1, 1024, 256])
[I 240413 13:06:56 depth_uformer:1510] up0 shape: torch.Size([1, 4096, 128])
[I 240413 13:06:56 depth_uformer:1544] conv3 shape: torch.Size([1, 16384, 32])
[I 240413 13:06:56 depth_uformer:1545] up2 shape: torch.Size([1, 65536, 32])
[I 240413 13:07:46 depth_uformer:1414] x_out_0: torch.Size([1, 32, 256, 256])
[I 240413 13:07:46 depth_uformer:1441] x_out_1: torch.Size([1, 64, 128, 128])
[I 240413 13:07:47 depth_uformer:1469] x_out_2: torch.Size([1, 128, 64, 64])
[I 240413 13:07:47 depth_uformer:1496] x_out_3: torch.Size([1, 256, 32, 32])
[I 240413 13:07:47 depth_uformer:1506] conv4 shape: torch.Size([1, 1024, 256])
[I 240413 13:07:47 depth_uformer:1510] up0 shape: torch.Size([1, 4096, 128])
[I 240413 13:08:10 depth_uformer:1414] x_out_0: torch.Size([1, 32, 256, 256])
[I 240413 13:08:10 depth_uformer:1441] x_out_1: torch.Size([1, 64, 128, 128])
[I 240413 13:08:10 depth_uformer:1469] x_out_2: torch.Size([1, 128, 64, 64])
[I 240413 13:08:10 depth_uformer:1496] x_out_3: torch.Size([1, 256, 32, 32])
[I 240413 13:08:10 depth_uformer:1506] conv4 shape: torch.Size([1, 1024, 256])
[I 240413 13:08:10 depth_uformer:1510] up0 shape: torch.Size([1, 4096, 128])
[I 240413 13:08:42 depth_uformer:1414] x_out_0: torch.Size([1, 32, 256, 256])
[I 240413 13:08:43 depth_uformer:1441] x_out_1: torch.Size([1, 64, 128, 128])
[I 240413 13:08:43 depth_uformer:1469] x_out_2: torch.Size([1, 128, 64, 64])
[I 240413 13:08:43 depth_uformer:1496] x_out_3: torch.Size([1, 256, 32, 32])
[I 240413 13:08:43 depth_uformer:1506] conv4 shape: torch.Size([1, 1024, 256])
[I 240413 13:08:43 depth_uformer:1510] up0 shape: torch.Size([1, 4096, 128])
[I 240413 13:08:53 depth_uformer:1414] x_out_0: torch.Size([1, 32, 256, 256])
[I 240413 13:08:54 depth_uformer:1441] x_out_1: torch.Size([1, 64, 128, 128])
[I 240413 13:08:54 depth_uformer:1469] x_out_2: torch.Size([1, 128, 64, 64])
[I 240413 13:08:54 depth_uformer:1496] x_out_3: torch.Size([1, 256, 32, 32])
[I 240413 13:08:54 depth_uformer:1506] conv4 shape: torch.Size([1, 1024, 256])
[I 240413 13:08:54 depth_uformer:1510] up0 shape: torch.Size([1, 4096, 128])
[I 240413 13:09:02 depth_uformer:1414] x_out_0: torch.Size([1, 32, 256, 256])
[I 240413 13:09:03 depth_uformer:1441] x_out_1: torch.Size([1, 64, 128, 128])
[I 240413 13:09:03 depth_uformer:1469] x_out_2: torch.Size([1, 128, 64, 64])
[I 240413 13:09:03 depth_uformer:1496] x_out_3: torch.Size([1, 256, 32, 32])
[I 240413 13:09:03 depth_uformer:1506] conv4 shape: torch.Size([1, 1024, 256])
[I 240413 13:09:03 depth_uformer:1510] up0 shape: torch.Size([1, 4096, 128])
[I 240413 13:09:11 depth_uformer:1414] x_out_0: torch.Size([1, 32, 256, 256])
[I 240413 13:09:11 depth_uformer:1441] x_out_1: torch.Size([1, 64, 128, 128])
[I 240413 13:09:11 depth_uformer:1469] x_out_2: torch.Size([1, 128, 64, 64])
[I 240413 13:09:11 depth_uformer:1496] x_out_3: torch.Size([1, 256, 32, 32])
[I 240413 13:09:11 depth_uformer:1506] conv4 shape: torch.Size([1, 1024, 256])
[I 240413 13:09:11 depth_uformer:1510] up0 shape: torch.Size([1, 4096, 128])
[I 240413 13:10:05 depth_uformer:1414] x_out_0: torch.Size([1, 32, 256, 256])
[I 240413 13:10:05 depth_uformer:1441] x_out_1: torch.Size([1, 64, 128, 128])
[I 240413 13:10:06 depth_uformer:1469] x_out_2: torch.Size([1, 128, 64, 64])
[I 240413 13:10:06 depth_uformer:1496] x_out_3: torch.Size([1, 256, 32, 32])
[I 240413 13:10:06 depth_uformer:1506] conv4 shape: torch.Size([1, 1024, 256])
[I 240413 13:10:06 depth_uformer:1510] up0 shape: torch.Size([1, 4096, 128])
[I 240413 13:10:45 depth_uformer:1414] x_out_0: torch.Size([1, 32, 256, 256])
[I 240413 13:10:46 depth_uformer:1441] x_out_1: torch.Size([1, 64, 128, 128])
[I 240413 13:10:46 depth_uformer:1469] x_out_2: torch.Size([1, 128, 64, 64])
[I 240413 13:10:46 depth_uformer:1496] x_out_3: torch.Size([1, 256, 32, 32])
[I 240413 13:10:46 depth_uformer:1506] conv4 shape: torch.Size([1, 1024, 256])
[I 240413 13:10:46 depth_uformer:1510] up0 shape: torch.Size([1, 4096, 128])
[I 240413 13:10:46 depth_uformer:1542] conv3 shape: torch.Size([1, 65536, 32])
[I 240413 13:10:46 depth_uformer:1545] up2 shape: torch.Size([1, 65536, 32])
[I 240413 13:10:47 depth_uformer:1551] deconv2 shape: torch.Size([1, 65536, 64])
[I 240413 13:12:37 depth_uformer:1414] x_out_0: torch.Size([1, 32, 256, 256])
[I 240413 13:12:37 depth_uformer:1441] x_out_1: torch.Size([1, 64, 128, 128])
[I 240413 13:12:37 depth_uformer:1469] x_out_2: torch.Size([1, 128, 64, 64])
[I 240413 13:12:38 depth_uformer:1496] x_out_3: torch.Size([1, 256, 32, 32])
[I 240413 13:12:38 depth_uformer:1506] conv4 shape: torch.Size([1, 1024, 256])
[I 240413 13:12:38 depth_uformer:1510] up0 shape: torch.Size([1, 4096, 128])
[I 240413 13:14:42 depth_uformer:1414] x_out_0: torch.Size([1, 32, 256, 256])
[I 240413 13:14:42 depth_uformer:1441] x_out_1: torch.Size([1, 64, 128, 128])
[I 240413 13:14:42 depth_uformer:1469] x_out_2: torch.Size([1, 128, 64, 64])
[I 240413 13:14:42 depth_uformer:1496] x_out_3: torch.Size([1, 256, 32, 32])
[I 240413 13:14:42 depth_uformer:1506] conv4 shape: torch.Size([1, 1024, 256])
[I 240413 13:14:42 depth_uformer:1510] up0 shape: torch.Size([1, 4096, 128])
[I 240413 13:16:21 depth_uformer:1414] x_out_0: torch.Size([1, 32, 256, 256])
[I 240413 13:16:21 depth_uformer:1441] x_out_1: torch.Size([1, 64, 128, 128])
[I 240413 13:16:21 depth_uformer:1469] x_out_2: torch.Size([1, 128, 64, 64])
[I 240413 13:16:21 depth_uformer:1496] x_out_3: torch.Size([1, 256, 32, 32])
[I 240413 13:16:21 depth_uformer:1506] conv4 shape: torch.Size([1, 1024, 256])
[I 240413 13:16:21 depth_uformer:1510] up0 shape: torch.Size([1, 4096, 128])
[I 240413 13:16:22 depth_uformer:1534] deconv1 shape is torch.Size([1, 16384, 128])
[I 240413 13:17:23 depth_uformer:1414] x_out_0: torch.Size([1, 32, 256, 256])
[I 240413 13:17:23 depth_uformer:1441] x_out_1: torch.Size([1, 64, 128, 128])
[I 240413 13:17:23 depth_uformer:1469] x_out_2: torch.Size([1, 128, 64, 64])
[I 240413 13:17:23 depth_uformer:1496] x_out_3: torch.Size([1, 256, 32, 32])
[I 240413 13:17:24 depth_uformer:1506] conv4 shape: torch.Size([1, 1024, 256])
[I 240413 13:17:24 depth_uformer:1510] up0 shape: torch.Size([1, 4096, 128])
[I 240413 13:17:24 depth_uformer:1534] deconv1 shape is torch.Size([1, 16384, 128])
[I 240413 13:17:24 depth_uformer:1536] torch.Size([1, 65536, 32])
[I 240413 13:18:12 depth_uformer:1414] x_out_0: torch.Size([1, 32, 256, 256])
[I 240413 13:18:12 depth_uformer:1441] x_out_1: torch.Size([1, 64, 128, 128])
[I 240413 13:18:12 depth_uformer:1469] x_out_2: torch.Size([1, 128, 64, 64])
[I 240413 13:18:12 depth_uformer:1496] x_out_3: torch.Size([1, 256, 32, 32])
[I 240413 13:18:12 depth_uformer:1506] conv4 shape: torch.Size([1, 1024, 256])
[I 240413 13:18:12 depth_uformer:1510] up0 shape: torch.Size([1, 4096, 128])
[I 240413 13:18:13 depth_uformer:1534] deconv1 shape is torch.Size([1, 16384, 128])
[I 240413 13:18:46 depth_uformer:1414] x_out_0: torch.Size([1, 32, 256, 256])
[I 240413 13:18:47 depth_uformer:1441] x_out_1: torch.Size([1, 64, 128, 128])
[I 240413 13:18:47 depth_uformer:1469] x_out_2: torch.Size([1, 128, 64, 64])
[I 240413 13:18:47 depth_uformer:1496] x_out_3: torch.Size([1, 256, 32, 32])
[I 240413 13:18:47 depth_uformer:1506] conv4 shape: torch.Size([1, 1024, 256])
[I 240413 13:18:47 depth_uformer:1510] up0 shape: torch.Size([1, 4096, 128])
[I 240413 13:18:47 depth_uformer:1534] deconv1 shape is torch.Size([1, 16384, 128])
[I 240413 13:18:47 depth_uformer:1544] Conv3 shape is torch.Size([1, 131072, 8])
[I 240413 13:19:07 depth_uformer:1414] x_out_0: torch.Size([1, 32, 256, 256])
[I 240413 13:19:08 depth_uformer:1441] x_out_1: torch.Size([1, 64, 128, 128])
[I 240413 13:19:08 depth_uformer:1469] x_out_2: torch.Size([1, 128, 64, 64])
[I 240413 13:19:08 depth_uformer:1496] x_out_3: torch.Size([1, 256, 32, 32])
[I 240413 13:19:08 depth_uformer:1506] conv4 shape: torch.Size([1, 1024, 256])
[I 240413 13:19:08 depth_uformer:1510] up0 shape: torch.Size([1, 4096, 128])
[I 240413 13:19:08 depth_uformer:1534] deconv1 shape is torch.Size([1, 16384, 128])
[I 240413 13:19:08 depth_uformer:1544] Conv3 shape is torch.Size([1, 65536, 16])
[I 240413 13:19:42 depth_uformer:1414] x_out_0: torch.Size([1, 32, 256, 256])
[I 240413 13:19:42 depth_uformer:1441] x_out_1: torch.Size([1, 64, 128, 128])
[I 240413 13:19:43 depth_uformer:1469] x_out_2: torch.Size([1, 128, 64, 64])
[I 240413 13:19:43 depth_uformer:1496] x_out_3: torch.Size([1, 256, 32, 32])
[I 240413 13:19:43 depth_uformer:1506] conv4 shape: torch.Size([1, 1024, 256])
[I 240413 13:19:43 depth_uformer:1510] up0 shape: torch.Size([1, 4096, 128])
[I 240413 13:19:43 depth_uformer:1534] deconv1 shape is torch.Size([1, 16384, 128])
[I 240413 13:19:43 depth_uformer:1543] up2 is torch.Size([1, 65536, 32])
[I 240413 13:19:43 depth_uformer:1544] Conv3 shape is torch.Size([1, 65536, 16])
[I 240413 13:20:04 depth_uformer:1414] x_out_0: torch.Size([1, 32, 256, 256])
[I 240413 13:20:04 depth_uformer:1441] x_out_1: torch.Size([1, 64, 128, 128])
[I 240413 13:20:05 depth_uformer:1469] x_out_2: torch.Size([1, 128, 64, 64])
[I 240413 13:20:05 depth_uformer:1496] x_out_3: torch.Size([1, 256, 32, 32])
[I 240413 13:20:05 depth_uformer:1506] conv4 shape: torch.Size([1, 1024, 256])
[I 240413 13:20:05 depth_uformer:1510] up0 shape: torch.Size([1, 4096, 128])
[I 240413 13:20:05 depth_uformer:1534] deconv1 shape is torch.Size([1, 16384, 128])
[I 240413 13:20:05 depth_uformer:1543] up2 is torch.Size([1, 65536, 32])
[I 240413 13:20:05 depth_uformer:1544] Conv3 shape is torch.Size([1, 65536, 16])
[I 240413 13:20:32 depth_uformer:1414] x_out_0: torch.Size([1, 32, 256, 256])
[I 240413 13:20:32 depth_uformer:1441] x_out_1: torch.Size([1, 64, 128, 128])
[I 240413 13:20:32 depth_uformer:1469] x_out_2: torch.Size([1, 128, 64, 64])
[I 240413 13:20:32 depth_uformer:1496] x_out_3: torch.Size([1, 256, 32, 32])
[I 240413 13:20:32 depth_uformer:1506] conv4 shape: torch.Size([1, 1024, 256])
[I 240413 13:20:32 depth_uformer:1510] up0 shape: torch.Size([1, 4096, 128])
[I 240413 13:20:32 depth_uformer:1534] deconv1 shape is torch.Size([1, 16384, 128])
[I 240413 13:20:33 depth_uformer:1543] up2 is torch.Size([1, 65536, 32])
[I 240413 13:20:33 depth_uformer:1544] Conv3 shape is torch.Size([1, 65536, 16])
[I 240413 13:20:33 depth_uformer:1551] conv3 shape torch.Size([1, 262144, 32])
[I 240413 13:20:43 depth_uformer:1414] x_out_0: torch.Size([1, 32, 256, 256])
[I 240413 13:20:43 depth_uformer:1441] x_out_1: torch.Size([1, 64, 128, 128])
[I 240413 13:20:43 depth_uformer:1469] x_out_2: torch.Size([1, 128, 64, 64])
[I 240413 13:20:43 depth_uformer:1496] x_out_3: torch.Size([1, 256, 32, 32])
[I 240413 13:20:43 depth_uformer:1506] conv4 shape: torch.Size([1, 1024, 256])
[I 240413 13:20:43 depth_uformer:1510] up0 shape: torch.Size([1, 4096, 128])
[I 240413 13:20:43 depth_uformer:1534] deconv1 shape is torch.Size([1, 16384, 128])
[I 240413 13:20:43 depth_uformer:1543] up2 is torch.Size([1, 65536, 32])
[I 240413 13:20:43 depth_uformer:1544] Conv3 shape is torch.Size([1, 65536, 16])
[I 240413 13:20:43 depth_uformer:1551] conv3 shape torch.Size([1, 262144, 8])
[I 240413 13:20:55 depth_uformer:1414] x_out_0: torch.Size([1, 32, 256, 256])
[I 240413 13:20:55 depth_uformer:1441] x_out_1: torch.Size([1, 64, 128, 128])
[I 240413 13:20:55 depth_uformer:1469] x_out_2: torch.Size([1, 128, 64, 64])
[I 240413 13:20:55 depth_uformer:1496] x_out_3: torch.Size([1, 256, 32, 32])
[I 240413 13:20:55 depth_uformer:1506] conv4 shape: torch.Size([1, 1024, 256])
[I 240413 13:20:55 depth_uformer:1510] up0 shape: torch.Size([1, 4096, 128])
[I 240413 13:20:56 depth_uformer:1534] deconv1 shape is torch.Size([1, 16384, 128])
[I 240413 13:20:56 depth_uformer:1543] up2 is torch.Size([1, 65536, 32])
[I 240413 13:20:56 depth_uformer:1544] Conv3 shape is torch.Size([1, 65536, 16])
[I 240413 13:20:56 depth_uformer:1551] conv3 shape torch.Size([1, 262144, 16])
[I 240413 13:21:21 depth_uformer:1414] x_out_0: torch.Size([1, 32, 256, 256])
[I 240413 13:21:22 depth_uformer:1441] x_out_1: torch.Size([1, 64, 128, 128])
[I 240413 13:21:22 depth_uformer:1469] x_out_2: torch.Size([1, 128, 64, 64])
[I 240413 13:21:22 depth_uformer:1496] x_out_3: torch.Size([1, 256, 32, 32])
[I 240413 13:21:22 depth_uformer:1506] conv4 shape: torch.Size([1, 1024, 256])
[I 240413 13:21:22 depth_uformer:1510] up0 shape: torch.Size([1, 4096, 128])
[I 240413 13:21:22 depth_uformer:1534] deconv1 shape is torch.Size([1, 16384, 128])
[I 240413 13:21:22 depth_uformer:1543] up2 is torch.Size([1, 65536, 32])
[I 240413 13:21:22 depth_uformer:1544] Conv3 shape is torch.Size([1, 65536, 16])
[I 240413 13:21:22 depth_uformer:1551] conv3 shape torch.Size([1, 262144, 8])
[I 240413 13:21:44 depth_uformer:1414] x_out_0: torch.Size([1, 32, 256, 256])
[I 240413 13:21:44 depth_uformer:1441] x_out_1: torch.Size([1, 64, 128, 128])
[I 240413 13:21:44 depth_uformer:1469] x_out_2: torch.Size([1, 128, 64, 64])
[I 240413 13:21:44 depth_uformer:1496] x_out_3: torch.Size([1, 256, 32, 32])
[I 240413 13:21:44 depth_uformer:1506] conv4 shape: torch.Size([1, 1024, 256])
[I 240413 13:21:44 depth_uformer:1510] up0 shape: torch.Size([1, 4096, 128])
[I 240413 13:21:45 depth_uformer:1534] deconv1 shape is torch.Size([1, 16384, 128])
[I 240413 13:21:45 depth_uformer:1543] up2 is torch.Size([1, 65536, 32])
[I 240413 13:21:45 depth_uformer:1544] Conv3 shape is torch.Size([1, 65536, 16])
[I 240413 13:21:45 depth_uformer:1551] conv3 shape torch.Size([1, 262144, 32])
[I 240413 13:21:57 depth_uformer:1414] x_out_0: torch.Size([1, 32, 256, 256])
[I 240413 13:21:57 depth_uformer:1441] x_out_1: torch.Size([1, 64, 128, 128])
[I 240413 13:21:57 depth_uformer:1469] x_out_2: torch.Size([1, 128, 64, 64])
[I 240413 13:21:57 depth_uformer:1496] x_out_3: torch.Size([1, 256, 32, 32])
[I 240413 13:21:57 depth_uformer:1506] conv4 shape: torch.Size([1, 1024, 256])
[I 240413 13:21:57 depth_uformer:1510] up0 shape: torch.Size([1, 4096, 128])
[I 240413 13:21:58 depth_uformer:1534] deconv1 shape is torch.Size([1, 16384, 128])
[I 240413 13:21:58 depth_uformer:1543] up2 is torch.Size([1, 65536, 32])
[I 240413 13:21:58 depth_uformer:1544] Conv3 shape is torch.Size([1, 65536, 16])
[I 240413 13:21:58 depth_uformer:1551] conv3 shape torch.Size([1, 262144, 16])
[I 240413 13:30:17 depth_uformer:1414] x_out_0: torch.Size([1, 32, 256, 256])
[I 240413 13:30:18 depth_uformer:1441] x_out_1: torch.Size([1, 64, 128, 128])
[I 240413 13:30:18 depth_uformer:1469] x_out_2: torch.Size([1, 128, 64, 64])
[I 240413 13:30:18 depth_uformer:1496] x_out_3: torch.Size([1, 256, 32, 32])
[I 240413 13:30:18 depth_uformer:1506] conv4 shape: torch.Size([1, 1024, 256])
[I 240413 13:30:18 depth_uformer:1510] up0 shape: torch.Size([1, 4096, 128])
[I 240413 13:30:18 depth_uformer:1534] deconv1 shape is torch.Size([1, 16384, 128])
[I 240413 13:30:18 depth_uformer:1543] up2 is torch.Size([1, 65536, 32])
[I 240413 13:30:18 depth_uformer:1544] Conv3 shape is torch.Size([1, 65536, 16])
[I 240413 13:30:18 depth_uformer:1549] conv3 shape torch.Size([1, 262144, 16])
[I 240413 13:30:38 depth_uformer:1414] x_out_0: torch.Size([1, 32, 256, 256])
[I 240413 13:30:38 depth_uformer:1441] x_out_1: torch.Size([1, 64, 128, 128])
[I 240413 13:30:38 depth_uformer:1469] x_out_2: torch.Size([1, 128, 64, 64])
[I 240413 13:30:38 depth_uformer:1496] x_out_3: torch.Size([1, 256, 32, 32])
[I 240413 13:30:38 depth_uformer:1506] conv4 shape: torch.Size([1, 1024, 256])
[I 240413 13:30:38 depth_uformer:1510] up0 shape: torch.Size([1, 4096, 128])
[I 240413 13:30:38 depth_uformer:1534] deconv1 shape is torch.Size([1, 16384, 128])
[I 240413 13:30:38 depth_uformer:1543] up2 is torch.Size([1, 65536, 32])
[I 240413 13:30:38 depth_uformer:1544] Conv3 shape is torch.Size([1, 65536, 16])
[I 240413 13:30:38 depth_uformer:1549] conv3 shape torch.Size([1, 65536, 16])
[I 240413 13:31:10 depth_uformer:1414] x_out_0: torch.Size([1, 32, 256, 256])
[I 240413 13:31:10 depth_uformer:1441] x_out_1: torch.Size([1, 64, 128, 128])
[I 240413 13:31:10 depth_uformer:1469] x_out_2: torch.Size([1, 128, 64, 64])
[I 240413 13:31:11 depth_uformer:1496] x_out_3: torch.Size([1, 256, 32, 32])
[I 240413 13:31:11 depth_uformer:1506] conv4 shape: torch.Size([1, 1024, 256])
[I 240413 13:31:11 depth_uformer:1510] up0 shape: torch.Size([1, 4096, 128])
[I 240413 13:31:11 depth_uformer:1534] deconv1 shape is torch.Size([1, 16384, 128])
[I 240413 13:31:11 depth_uformer:1543] up2 is torch.Size([1, 65536, 32])
[I 240413 13:31:11 depth_uformer:1544] Conv3 shape is torch.Size([1, 65536, 16])
[I 240413 13:31:11 depth_uformer:1549] conv3 shape torch.Size([1, 65536, 16])
[I 240413 13:31:24 depth_uformer:1414] x_out_0: torch.Size([1, 32, 256, 256])
[I 240413 13:31:25 depth_uformer:1441] x_out_1: torch.Size([1, 64, 128, 128])
[I 240413 13:31:25 depth_uformer:1469] x_out_2: torch.Size([1, 128, 64, 64])
[I 240413 13:31:25 depth_uformer:1496] x_out_3: torch.Size([1, 256, 32, 32])
[I 240413 13:31:25 depth_uformer:1506] conv4 shape: torch.Size([1, 1024, 256])
[I 240413 13:31:25 depth_uformer:1510] up0 shape: torch.Size([1, 4096, 128])
[I 240413 13:31:25 depth_uformer:1534] deconv1 shape is torch.Size([1, 16384, 128])
[I 240413 13:31:25 depth_uformer:1543] up2 is torch.Size([1, 65536, 32])
[I 240413 13:31:25 depth_uformer:1544] Conv3 shape is torch.Size([1, 65536, 16])
[I 240413 13:31:25 depth_uformer:1549] conv3 shape torch.Size([1, 262144, 32])
[I 240413 13:31:44 depth_uformer:1414] x_out_0: torch.Size([1, 32, 256, 256])
[I 240413 13:31:44 depth_uformer:1441] x_out_1: torch.Size([1, 64, 128, 128])
[I 240413 13:31:44 depth_uformer:1469] x_out_2: torch.Size([1, 128, 64, 64])
[I 240413 13:31:44 depth_uformer:1496] x_out_3: torch.Size([1, 256, 32, 32])
[I 240413 13:31:44 depth_uformer:1506] conv4 shape: torch.Size([1, 1024, 256])
[I 240413 13:31:44 depth_uformer:1510] up0 shape: torch.Size([1, 4096, 128])
[I 240413 13:31:45 depth_uformer:1534] deconv1 shape is torch.Size([1, 16384, 128])
[I 240413 13:31:45 depth_uformer:1543] up2 is torch.Size([1, 65536, 32])
[I 240413 13:31:45 depth_uformer:1544] Conv3 shape is torch.Size([1, 65536, 16])
[I 240413 13:32:06 depth_uformer:1414] x_out_0: torch.Size([1, 32, 256, 256])
[I 240413 13:32:07 depth_uformer:1441] x_out_1: torch.Size([1, 64, 128, 128])
[I 240413 13:32:07 depth_uformer:1469] x_out_2: torch.Size([1, 128, 64, 64])
[I 240413 13:32:07 depth_uformer:1496] x_out_3: torch.Size([1, 256, 32, 32])
[I 240413 13:32:07 depth_uformer:1506] conv4 shape: torch.Size([1, 1024, 256])
[I 240413 13:32:07 depth_uformer:1510] up0 shape: torch.Size([1, 4096, 128])
[I 240413 13:32:07 depth_uformer:1534] deconv1 shape is torch.Size([1, 16384, 128])
[I 240413 13:32:07 depth_uformer:1543] up2 is torch.Size([1, 65536, 32])
[I 240413 13:32:07 depth_uformer:1544] Conv3 shape is torch.Size([1, 131072, 8])
[I 240413 13:33:09 depth_uformer:1414] x_out_0: torch.Size([1, 32, 256, 256])
[I 240413 13:33:10 depth_uformer:1441] x_out_1: torch.Size([1, 64, 128, 128])
[I 240413 13:33:10 depth_uformer:1469] x_out_2: torch.Size([1, 128, 64, 64])
[I 240413 13:33:10 depth_uformer:1496] x_out_3: torch.Size([1, 256, 32, 32])
[I 240413 13:33:17 depth_uformer:1414] x_out_0: torch.Size([1, 32, 256, 256])
[I 240413 13:33:18 depth_uformer:1441] x_out_1: torch.Size([1, 64, 128, 128])
[I 240413 13:33:18 depth_uformer:1469] x_out_2: torch.Size([1, 128, 64, 64])
[I 240413 13:33:18 depth_uformer:1496] x_out_3: torch.Size([1, 256, 32, 32])
[I 240413 13:33:18 depth_uformer:1535] torch.Size([1, 16384, 64])
[I 240413 13:33:52 depth_uformer:1414] x_out_0: torch.Size([1, 32, 256, 256])
[I 240413 13:33:53 depth_uformer:1441] x_out_1: torch.Size([1, 64, 128, 128])
[I 240413 13:33:53 depth_uformer:1469] x_out_2: torch.Size([1, 128, 64, 64])
[I 240413 13:33:53 depth_uformer:1496] x_out_3: torch.Size([1, 256, 32, 32])
[I 240413 13:33:53 depth_uformer:1535] torch.Size([1, 16384, 64])
[I 240413 13:33:53 depth_uformer:1538] torch.Size([1, 65536, 32])
[I 240413 13:35:22 depth_uformer:1414] x_out_0: torch.Size([1, 32, 256, 256])
[I 240413 13:35:23 depth_uformer:1441] x_out_1: torch.Size([1, 64, 128, 128])
[I 240413 13:35:23 depth_uformer:1469] x_out_2: torch.Size([1, 128, 64, 64])
[I 240413 13:35:23 depth_uformer:1496] x_out_3: torch.Size([1, 256, 32, 32])
[I 240413 13:35:23 depth_uformer:1539] torch.Size([1, 65536, 32])
[I 240413 13:35:23 depth_uformer:1540] torch.Size([1, 65536, 64])
[I 240413 13:36:14 depth_uformer:1414] x_out_0: torch.Size([1, 32, 256, 256])
[I 240413 13:36:14 depth_uformer:1441] x_out_1: torch.Size([1, 64, 128, 128])
[I 240413 13:36:15 depth_uformer:1469] x_out_2: torch.Size([1, 128, 64, 64])
[I 240413 13:36:15 depth_uformer:1496] x_out_3: torch.Size([1, 256, 32, 32])
[I 240413 13:36:15 depth_uformer:1526] torch.Size([1, 16384, 128])
[I 240413 13:36:15 depth_uformer:1528] torch.Size([1, 16384, 128])
[I 240413 13:36:15 depth_uformer:1541] torch.Size([1, 65536, 32])
[I 240413 13:36:15 depth_uformer:1542] torch.Size([1, 65536, 64])
[I 240413 13:36:49 depth_uformer:1414] x_out_0: torch.Size([1, 32, 256, 256])
[I 240413 13:36:49 depth_uformer:1441] x_out_1: torch.Size([1, 64, 128, 128])
[I 240413 13:36:50 depth_uformer:1469] x_out_2: torch.Size([1, 128, 64, 64])
[I 240413 13:36:50 depth_uformer:1496] x_out_3: torch.Size([1, 256, 32, 32])
[I 240413 13:36:50 depth_uformer:1526] torch.Size([1, 16384, 128])
[I 240413 13:36:50 depth_uformer:1528] torch.Size([1, 16384, 128])
[I 240413 13:36:50 depth_uformer:1541] torch.Size([1, 65536, 32])
[I 240413 13:36:50 depth_uformer:1542] torch.Size([1, 65536, 64])
[I 240413 13:37:10 depth_uformer:1414] x_out_0: torch.Size([1, 32, 256, 256])
[I 240413 13:37:11 depth_uformer:1441] x_out_1: torch.Size([1, 64, 128, 128])
[I 240413 13:37:11 depth_uformer:1469] x_out_2: torch.Size([1, 128, 64, 64])
[I 240413 13:37:11 depth_uformer:1496] x_out_3: torch.Size([1, 256, 32, 32])
[I 240413 13:37:11 depth_uformer:1526] torch.Size([1, 16384, 128])
[I 240413 13:37:11 depth_uformer:1528] torch.Size([1, 16384, 128])
[I 240413 13:37:11 depth_uformer:1541] torch.Size([1, 65536, 32])
[I 240413 13:37:11 depth_uformer:1542] torch.Size([1, 65536, 64])
[I 240413 13:37:31 depth_uformer:1414] x_out_0: torch.Size([1, 32, 256, 256])
[I 240413 13:37:32 depth_uformer:1441] x_out_1: torch.Size([1, 64, 128, 128])
[I 240413 13:37:32 depth_uformer:1469] x_out_2: torch.Size([1, 128, 64, 64])
[I 240413 13:37:32 depth_uformer:1496] x_out_3: torch.Size([1, 256, 32, 32])
[I 240413 13:37:32 depth_uformer:1526] torch.Size([1, 16384, 128])
[I 240413 13:37:32 depth_uformer:1528] torch.Size([1, 16384, 128])
[I 240413 13:37:32 depth_uformer:1544] torch.Size([1, 65536, 32])
[I 240413 13:37:32 depth_uformer:1545] torch.Size([1, 65536, 64])
[I 240413 13:37:57 depth_uformer:1414] x_out_0: torch.Size([1, 32, 256, 256])
[I 240413 13:37:57 depth_uformer:1441] x_out_1: torch.Size([1, 64, 128, 128])
[I 240413 13:37:57 depth_uformer:1469] x_out_2: torch.Size([1, 128, 64, 64])
[I 240413 13:37:57 depth_uformer:1496] x_out_3: torch.Size([1, 256, 32, 32])
[I 240413 13:37:58 depth_uformer:1526] torch.Size([1, 16384, 128])
[I 240413 13:37:58 depth_uformer:1528] torch.Size([1, 16384, 128])
[I 240413 13:39:51 depth_uformer:1414] x_out_0: torch.Size([1, 32, 256, 256])
[I 240413 13:39:51 depth_uformer:1441] x_out_1: torch.Size([1, 64, 128, 128])
[I 240413 13:39:51 depth_uformer:1469] x_out_2: torch.Size([1, 128, 64, 64])
[I 240413 13:39:51 depth_uformer:1496] x_out_3: torch.Size([1, 256, 32, 32])
[I 240413 13:39:52 depth_uformer:1526] torch.Size([1, 16384, 128])
[I 240413 13:39:52 depth_uformer:1528] torch.Size([1, 16384, 128])
[I 240413 13:40:17 depth_uformer:1414] x_out_0: torch.Size([1, 32, 256, 256])
[I 240413 13:40:17 depth_uformer:1441] x_out_1: torch.Size([1, 64, 128, 128])
[I 240413 13:40:17 depth_uformer:1469] x_out_2: torch.Size([1, 128, 64, 64])
[I 240413 13:40:17 depth_uformer:1496] x_out_3: torch.Size([1, 256, 32, 32])
[I 240413 13:40:17 depth_uformer:1526] torch.Size([1, 16384, 128])
[I 240413 13:40:17 depth_uformer:1528] torch.Size([1, 16384, 128])
[I 240413 13:40:18 depth_uformer:1546] Bad message (TypeError('not all arguments converted during string formatting')): {'name': 'logzero_default', 'msg': 'up3', 'args': (tensor([[[ 0.0278,  0.1436, -0.2397,  ..., -0.2205, -0.1880,  0.0485],
             [ 0.0069,  0.0182,  0.0501,  ..., -0.3914, -0.4282, -0.0175],
             [ 0.2933,  0.1943, -0.1316,  ..., -0.3449, -0.2248,  0.0876],
             ...,
             [ 0.6719,  0.4949,  0.0688,  ..., -0.9792, -0.1819,  0.1984],
             [-0.1953,  0.0629,  0.1008,  ...,  0.0423,  0.0459,  0.0284],
             [ 0.1107,  0.0581,  0.6945,  ...,  0.3716, -0.2915, -0.3741]]],
           grad_fn=<CloneBackward0>),), 'levelname': 'INFO', 'levelno': 20, 'pathname': '/home/saiteja/IITM_Research/DiffusionFlare/models/depth_uformer.py', 'filename': 'depth_uformer.py', 'module': 'depth_uformer', 'exc_info': None, 'exc_text': None, 'stack_info': None, 'lineno': 1546, 'funcName': 'forward', 'created': 1712995818.264312, 'msecs': 264.3120288848877, 'relativeCreated': 3646.174669265747, 'thread': 140665621513152, 'threadName': 'MainThread', 'processName': 'MainProcess', 'process': 68805, 'message': 'Bad message (TypeError(\'not all arguments converted during string formatting\')): {\'name\': \'logzero_default\', \'msg\': \'up3\', \'args\': (tensor([[[ 0.0278,  0.1436, -0.2397,  ..., -0.2205, -0.1880,  0.0485],\n         [ 0.0069,  0.0182,  0.0501,  ..., -0.3914, -0.4282, -0.0175],\n         [ 0.2933,  0.1943, -0.1316,  ..., -0.3449, -0.2248,  0.0876],\n         ...,\n         [ 0.6719,  0.4949,  0.0688,  ..., -0.9792, -0.1819,  0.1984],\n         [-0.1953,  0.0629,  0.1008,  ...,  0.0423,  0.0459,  0.0284],\n         [ 0.1107,  0.0581,  0.6945,  ...,  0.3716, -0.2915, -0.3741]]],\n       grad_fn=<CloneBackward0>),), \'levelname\': \'INFO\', \'levelno\': 20, \'pathname\': \'/home/saiteja/IITM_Research/DiffusionFlare/models/depth_uformer.py\', \'filename\': \'depth_uformer.py\', \'module\': \'depth_uformer\', \'exc_info\': None, \'exc_text\': None, \'stack_info\': None, \'lineno\': 1546, \'funcName\': \'forward\', \'created\': 1712995818.264312, \'msecs\': 264.3120288848877, \'relativeCreated\': 3646.174669265747, \'thread\': 140665621513152, \'threadName\': \'MainThread\', \'processName\': \'MainProcess\', \'process\': 68805, \'message\': "Bad message (TypeError(\'not all arguments converted during string formatting\')): {\'name\': \'logzero_default\', \'msg\': \'up3\', \'args\': (tensor([[[ 0.0278,  0.1436, -0.2397,  ..., -0.2205, -0.1880,  0.0485],\\n         [ 0.0069,  0.0182,  0.0501,  ..., -0.3914, -0.4282, -0.0175],\\n         [ 0.2933,  0.1943, -0.1316,  ..., -0.3449, -0.2248,  0.0876],\\n         ...,\\n         [ 0.6719,  0.4949,  0.0688,  ..., -0.9792, -0.1819,  0.1984],\\n         [-0.1953,  0.0629,  0.1008,  ...,  0.0423,  0.0459,  0.0284],\\n         [ 0.1107,  0.0581,  0.6945,  ...,  0.3716, -0.2915, -0.3741]]],\\n       grad_fn=<CloneBackward0>),), \'levelname\': \'INFO\', \'levelno\': 20, \'pathname\': \'/home/saiteja/IITM_Research/DiffusionFlare/models/depth_uformer.py\', \'filename\': \'depth_uformer.py\', \'module\': \'depth_uformer\', \'exc_info\': None, \'exc_text\': None, \'stack_info\': None, \'lineno\': 1546, \'funcName\': \'forward\', \'created\': 1712995818.264312, \'msecs\': 264.3120288848877, \'relativeCreated\': 3646.174669265747, \'thread\': 140665621513152, \'threadName\': \'MainThread\', \'processName\': \'MainProcess\', \'process\': 68805}", \'asctime\': \'240413 13:40:18\', \'color\': \'\\x1b[32m\', \'end_color\': \'\\x1b[39m\'}', 'asctime': '240413 13:40:18', 'color': '', 'end_color': ''}
[I 240413 13:40:41 depth_uformer:1414] x_out_0: torch.Size([1, 32, 256, 256])
[I 240413 13:40:41 depth_uformer:1441] x_out_1: torch.Size([1, 64, 128, 128])
[I 240413 13:40:41 depth_uformer:1469] x_out_2: torch.Size([1, 128, 64, 64])
[I 240413 13:40:41 depth_uformer:1496] x_out_3: torch.Size([1, 256, 32, 32])
[I 240413 13:40:41 depth_uformer:1526] torch.Size([1, 16384, 128])
[I 240413 13:40:42 depth_uformer:1528] torch.Size([1, 16384, 128])
[I 240413 13:40:42 depth_uformer:1546] up3 torch.Size([1, 262144, 16])
[I 240413 13:41:39 depth_uformer:1414] x_out_0: torch.Size([1, 32, 256, 256])
[I 240413 13:41:39 depth_uformer:1441] x_out_1: torch.Size([1, 64, 128, 128])
[I 240413 13:41:39 depth_uformer:1469] x_out_2: torch.Size([1, 128, 64, 64])
[I 240413 13:41:39 depth_uformer:1496] x_out_3: torch.Size([1, 256, 32, 32])
[I 240413 13:41:39 depth_uformer:1526] torch.Size([1, 16384, 128])
[I 240413 13:41:39 depth_uformer:1528] torch.Size([1, 16384, 128])
[I 240413 13:41:40 depth_uformer:1546] up3 torch.Size([1, 262144, 16])
[I 240413 13:42:20 depth_uformer:1414] x_out_0: torch.Size([1, 32, 256, 256])
[I 240413 13:42:20 depth_uformer:1441] x_out_1: torch.Size([1, 64, 128, 128])
[I 240413 13:42:21 depth_uformer:1469] x_out_2: torch.Size([1, 128, 64, 64])
[I 240413 13:42:21 depth_uformer:1496] x_out_3: torch.Size([1, 256, 32, 32])
[I 240413 13:42:21 depth_uformer:1526] torch.Size([1, 16384, 128])
[I 240413 13:42:21 depth_uformer:1528] torch.Size([1, 16384, 128])
[I 240413 13:42:33 depth_uformer:1414] x_out_0: torch.Size([1, 32, 256, 256])
[I 240413 13:42:33 depth_uformer:1441] x_out_1: torch.Size([1, 64, 128, 128])
[I 240413 13:42:33 depth_uformer:1469] x_out_2: torch.Size([1, 128, 64, 64])
[I 240413 13:42:33 depth_uformer:1496] x_out_3: torch.Size([1, 256, 32, 32])
[I 240413 13:42:34 depth_uformer:1526] torch.Size([1, 16384, 128])
[I 240413 13:42:34 depth_uformer:1528] torch.Size([1, 16384, 128])
[I 240413 13:45:15 depth_uformer:1414] x_out_0: torch.Size([1, 32, 256, 256])
[I 240413 13:45:15 depth_uformer:1441] x_out_1: torch.Size([1, 64, 128, 128])
[I 240413 13:45:15 depth_uformer:1469] x_out_2: torch.Size([1, 128, 64, 64])
[I 240413 13:45:15 depth_uformer:1496] x_out_3: torch.Size([1, 256, 32, 32])
[I 240413 13:45:15 depth_uformer:1526] torch.Size([1, 16384, 128])
[I 240413 13:45:16 depth_uformer:1528] torch.Size([1, 16384, 128])
